Flow report for proje
Wed May 29 12:55:20 2019
Quartus II 64-Bit Version 13.0.1 Build 232 06/12/2013 Service Pack 1 SJ Web Edition


---------------------
; Table of Contents ;
---------------------
  1. Legal Notice
  2. Flow Summary
  3. Flow Settings
  4. Flow Non-Default Global Settings
  5. Flow Elapsed Time
  6. Flow OS Summary
  7. Flow Log
  8. Flow Messages
  9. Flow Suppressed Messages



----------------
; Legal Notice ;
----------------
Copyright (C) 1991-2013 Altera Corporation
Your use of Altera Corporation's design tools, logic functions 
and other software and tools, and its AMPP partner logic 
functions, and any output files from any of the foregoing 
(including device programming or simulation files), and any 
associated documentation or information are expressly subject 
to the terms and conditions of the Altera Program License 
Subscription Agreement, Altera MegaCore Function License 
Agreement, or other applicable license agreement, including, 
without limitation, that your use is for the sole purpose of 
programming logic devices manufactured by Altera and sold by 
Altera or its authorized distributors.  Please refer to the 
applicable agreement for further details.



+--------------------------------------------------------------------------------------+
; Flow Summary                                                                         ;
+------------------------------------+-------------------------------------------------+
; Flow Status                        ; Successful - Wed May 29 12:55:15 2019           ;
; Quartus II 64-Bit Version          ; 13.0.1 Build 232 06/12/2013 SP 1 SJ Web Edition ;
; Revision Name                      ; proje                                           ;
; Top-level Entity Name              ; proje                                           ;
; Family                             ; Cyclone II                                      ;
; Device                             ; EP2C70F896C6                                    ;
; Timing Models                      ; Final                                           ;
; Total logic elements               ; 1,992 / 68,416 ( 3 % )                          ;
;     Total combinational functions  ; 1,941 / 68,416 ( 3 % )                          ;
;     Dedicated logic registers      ; 174 / 68,416 ( < 1 % )                          ;
; Total registers                    ; 174                                             ;
; Total pins                         ; 41 / 622 ( 7 % )                                ;
; Total virtual pins                 ; 0                                               ;
; Total memory bits                  ; 0 / 1,152,000 ( 0 % )                           ;
; Embedded Multiplier 9-bit elements ; 0 / 300 ( 0 % )                                 ;
; Total PLLs                         ; 1 / 4 ( 25 % )                                  ;
+------------------------------------+-------------------------------------------------+


+-----------------------------------------+
; Flow Settings                           ;
+-------------------+---------------------+
; Option            ; Setting             ;
+-------------------+---------------------+
; Start date & time ; 05/29/2019 12:54:33 ;
; Main task         ; Compilation         ;
; Revision Name     ; proje               ;
+-------------------+---------------------+


+-----------------------------------------------------------------------------------------------------------------------------------------+
; Flow Non-Default Global Settings                                                                                                        ;
+-------------------------------------+-------------------------------------------------------+---------------+--------------+------------+
; Assignment Name                     ; Value                                                 ; Default Value ; Entity Name  ; Section Id ;
+-------------------------------------+-------------------------------------------------------+---------------+--------------+------------+
; COMPILER_SIGNATURE_ID               ; 229056131435544.155912367217000                       ; --            ; --           ; --         ;
; IP_TOOL_ENV                         ; Qsys                                                  ; --            ; PLL          ; --         ;
; IP_TOOL_ENV                         ; Qsys                                                  ; --            ; PLL_altpll_0 ; --         ;
; IP_TOOL_NAME                        ; Qsys                                                  ; --            ; PLL          ; --         ;
; IP_TOOL_NAME                        ; altpll                                                ; --            ; PLL_altpll_0 ; --         ;
; IP_TOOL_VERSION                     ; 13.0sp1                                               ; --            ; PLL          ; --         ;
; IP_TOOL_VERSION                     ; 13.0                                                  ; --            ; PLL_altpll_0 ; --         ;
; MAX_CORE_JUNCTION_TEMP              ; 85                                                    ; --            ; --           ; --         ;
; MIN_CORE_JUNCTION_TEMP              ; 0                                                     ; --            ; --           ; --         ;
; MISC_FILE                           ; PLL/synthesis/../../PLL.cmp                           ; --            ; --           ; --         ;
; MISC_FILE                           ; PLL/synthesis/../../PLL.qsys                          ; --            ; --           ; --         ;
; PARTITION_COLOR                     ; 16764057                                              ; --            ; --           ; Top        ;
; PARTITION_FITTER_PRESERVATION_LEVEL ; PLACEMENT_AND_ROUTING                                 ; --            ; --           ; Top        ;
; PARTITION_NETLIST_TYPE              ; SOURCE                                                ; --            ; --           ; Top        ;
; POWER_BOARD_THERMAL_MODEL           ; None (CONSERVATIVE)                                   ; --            ; --           ; --         ;
; POWER_PRESET_COOLING_SOLUTION       ; 23 MM HEAT SINK WITH 200 LFPM AIRFLOW                 ; --            ; --           ; --         ;
; PROJECT_OUTPUT_DIRECTORY            ; output_files                                          ; --            ; --           ; --         ;
; SLD_INFO                            ; QSYS_NAME PLL HAS_SOPCINFO 1 GENERATION_ID 1555398179 ; --            ; PLL          ; --         ;
; SOPCINFO_FILE                       ; PLL/synthesis/../../PLL.sopcinfo                      ; --            ; --           ; --         ;
; SYNTHESIS_ONLY_QIP                  ; On                                                    ; --            ; --           ; --         ;
+-------------------------------------+-------------------------------------------------------+---------------+--------------+------------+


+-------------------------------------------------------------------------------------------------------------------------------+
; Flow Elapsed Time                                                                                                             ;
+---------------------------+--------------+-------------------------+---------------------+------------------------------------+
; Module Name               ; Elapsed Time ; Average Processors Used ; Peak Virtual Memory ; Total CPU Time (on all processors) ;
+---------------------------+--------------+-------------------------+---------------------+------------------------------------+
; Analysis & Synthesis      ; 00:00:09     ; 1.0                     ; 4667 MB             ; 00:00:08                           ;
; Fitter                    ; 00:00:26     ; 1.0                     ; 4954 MB             ; 00:00:25                           ;
; Assembler                 ; 00:00:07     ; 1.0                     ; 4602 MB             ; 00:00:06                           ;
; TimeQuest Timing Analyzer ; 00:00:04     ; 1.0                     ; 4587 MB             ; 00:00:04                           ;
; Total                     ; 00:00:46     ; --                      ; --                  ; 00:00:43                           ;
+---------------------------+--------------+-------------------------+---------------------+------------------------------------+


+----------------------------------------------------------------------------------------+
; Flow OS Summary                                                                        ;
+---------------------------+------------------+-----------+------------+----------------+
; Module Name               ; Machine Hostname ; OS Name   ; OS Version ; Processor type ;
+---------------------------+------------------+-----------+------------+----------------+
; Analysis & Synthesis      ; DESKTOP-F6N41TV  ; Windows 7 ; 6.2        ; x86_64         ;
; Fitter                    ; DESKTOP-F6N41TV  ; Windows 7 ; 6.2        ; x86_64         ;
; Assembler                 ; DESKTOP-F6N41TV  ; Windows 7 ; 6.2        ; x86_64         ;
; TimeQuest Timing Analyzer ; DESKTOP-F6N41TV  ; Windows 7 ; 6.2        ; x86_64         ;
+---------------------------+------------------+-----------+------------+----------------+


------------
; Flow Log ;
------------
quartus_map --read_settings_files=on --write_settings_files=off proje -c proje
quartus_fit --read_settings_files=off --write_settings_files=off proje -c proje
quartus_asm --read_settings_files=off --write_settings_files=off proje -c proje
quartus_sta proje -c proje



